
  .   ____          _            __ _ _
 /\\ / ___'_ __ _ _(_)_ __  __ _ \ \ \ \
( ( )\___ | '_ | '_| | '_ \/ _` | \ \ \ \
 \\/  ___)| |_)| | | | | || (_| |  ) ) ) )
  '  |____| .__|_| |_|_| |_\__, | / / / /
 =========|_|==============|___/=/_/_/_/
 :: Spring Boot ::                (v2.7.5)

2025-11-19 16:55:28.010  INFO 45155 --- [           main] c.e.contact.ContactBackendApplication    : Starting ContactBackendApplication v1.0.0 using Java 25.0.1 on Mac.lan with PID 45155 (/Users/rampratapreddyperam/Website photog/Photoshoot-Portfolio/contact-backend/target/contact-backend-1.0.0.jar started by rampratapreddyperam in /Users/rampratapreddyperam/Website photog/Photoshoot-Portfolio/contact-backend)
2025-11-19 16:55:28.012  INFO 45155 --- [           main] c.e.contact.ContactBackendApplication    : No active profile set, falling back to 1 default profile: "default"
WARNING: A restricted method in java.lang.System has been called
WARNING: java.lang.System::load has been called by org.apache.tomcat.jni.Library in an unnamed module (jar:file:/Users/rampratapreddyperam/Website%20photog/Photoshoot-Portfolio/contact-backend/target/contact-backend-1.0.0.jar!/BOOT-INF/lib/tomcat-embed-core-9.0.68.jar!/)
WARNING: Use --enable-native-access=ALL-UNNAMED to avoid a warning for callers in this module
WARNING: Restricted methods will be blocked in a future release unless native access is enabled

2025-11-19 16:55:28.393  INFO 45155 --- [           main] o.s.b.w.embedded.tomcat.TomcatWebServer  : Tomcat initialized with port(s): 8080 (http)
2025-11-19 16:55:28.397  INFO 45155 --- [           main] o.apache.catalina.core.StandardService   : Starting service [Tomcat]
2025-11-19 16:55:28.397  INFO 45155 --- [           main] org.apache.catalina.core.StandardEngine  : Starting Servlet engine: [Apache Tomcat/9.0.68]
2025-11-19 16:55:28.424  INFO 45155 --- [           main] o.a.c.c.C.[Tomcat].[localhost].[/]       : Initializing Spring embedded WebApplicationContext
2025-11-19 16:55:28.425  INFO 45155 --- [           main] w.s.c.ServletWebServerApplicationContext : Root WebApplicationContext: initialization completed in 390 ms
2025-11-19 16:55:28.528  INFO 45155 --- [           main] o.s.b.a.w.s.WelcomePageHandlerMapping    : Adding welcome page: class path resource [static/index.html]
2025-11-19 16:55:28.582  INFO 45155 --- [           main] o.s.b.w.embedded.tomcat.TomcatWebServer  : Tomcat started on port(s): 8080 (http) with context path ''
2025-11-19 16:55:28.587  INFO 45155 --- [           main] c.e.contact.ContactBackendApplication    : Started ContactBackendApplication in 0.764 seconds (JVM running for 0.924)
2025-11-19 17:01:32.791  INFO 45155 --- [nio-8080-exec-1] o.a.c.c.C.[Tomcat].[localhost].[/]       : Initializing Spring DispatcherServlet 'dispatcherServlet'
2025-11-19 17:01:32.792  INFO 45155 --- [nio-8080-exec-1] o.s.web.servlet.DispatcherServlet        : Initializing Servlet 'dispatcherServlet'
2025-11-19 17:01:32.793  INFO 45155 --- [nio-8080-exec-1] o.s.web.servlet.DispatcherServlet        : Completed initialization in 1 ms
